0 info it worked if it ends with ok
1 verbose cli [ 'c:\\Program Files\\nodejs\\node.exe',
1 verbose cli   'c:\\Program Files\\nodejs\\node_modules\\npm\\bin\\npm-cli.js',
1 verbose cli   'run',
1 verbose cli   'dev' ]
2 info using npm@3.10.9
3 info using node@v7.2.0
4 verbose run-script [ 'predev', 'dev', 'postdev' ]
5 info lifecycle react-project@1.0.0~predev: react-project@1.0.0
6 silly lifecycle react-project@1.0.0~predev: no script for predev, continuing
7 info lifecycle react-project@1.0.0~dev: react-project@1.0.0
8 verbose lifecycle react-project@1.0.0~dev: unsafe-perm in lifecycle true
9 verbose lifecycle react-project@1.0.0~dev: PATH: c:\Program Files\nodejs\node_modules\npm\bin\node-gyp-bin;C:\Users\Sony\WebstormProjects\react-practice\node_modules\.bin;c:\program files (x86)\nvidia corporation\physx\common;c:\program files (x86)\intel\icls client\;c:\program files\intel\icls client\;c:\program files\broadcom\broadcom 802.11 network adapter;c:\windows\system32;c:\windows;c:\windows\system32\wbem;c:\windows\system32\windowspowershell\v1.0\;c:\program files\intel\intel(r) management engine components\dal;c:\program files\intel\intel(r) management engine components\ipt;c:\program files (x86)\intel\intel(r) management engine components\dal;c:\program files (x86)\intel\intel(r) management engine components\ipt;c:\program files\widcomm\bluetooth software\;c:\program files\widcomm\bluetooth software\syswow64;c:\program files (x86)\intel\opencl sdk\2.0\bin\x86;c:\program files (x86)\intel\opencl sdk\2.0\bin\x64;c:\program files\sony\vaio improvement;c:\program files (x86)\sony\vaio bios data transfer utility\;c:\program files (x86)\sony\vaio startup setting tool;c:\program files (x86)\quicktime\qtsystem\;c:\server\usr\local\php5;c:\server\home\cake.loc\www\app\console;c:\program files (x86)\skype\phone\;c:\program files\nodejs\;c:\program files\git\cmd;c:\users\sony\appdata\local\microsoft\windowsapps;c:\users\sony\appdata\roaming\npm;c:\users\sony\appdata\local\kometa\startbutton\1.0.0.446
10 verbose lifecycle react-project@1.0.0~dev: CWD: C:\Users\Sony\WebstormProjects\react-practice
11 silly lifecycle react-project@1.0.0~dev: Args: [ '/d /s /c', 'SET NODE_ENV=development && npm run start' ]
12 silly lifecycle react-project@1.0.0~dev: Returned: code: 3221225786  signal: null
13 info lifecycle react-project@1.0.0~dev: Failed to exec dev script
14 verbose stack Error: react-project@1.0.0 dev: `SET NODE_ENV=development && npm run start`
14 verbose stack Exit status 3221225786
14 verbose stack     at EventEmitter.<anonymous> (c:\Program Files\nodejs\node_modules\npm\lib\utils\lifecycle.js:255:16)
14 verbose stack     at emitTwo (events.js:106:13)
14 verbose stack     at EventEmitter.emit (events.js:191:7)
14 verbose stack     at ChildProcess.<anonymous> (c:\Program Files\nodejs\node_modules\npm\lib\utils\spawn.js:40:14)
14 verbose stack     at emitTwo (events.js:106:13)
14 verbose stack     at ChildProcess.emit (events.js:191:7)
14 verbose stack     at maybeClose (internal/child_process.js:885:16)
14 verbose stack     at Process.ChildProcess._handle.onexit (internal/child_process.js:226:5)
15 verbose pkgid react-project@1.0.0
16 verbose cwd C:\Users\Sony\WebstormProjects\react-practice
17 error Windows_NT 10.0.14393
18 error argv "c:\\Program Files\\nodejs\\node.exe" "c:\\Program Files\\nodejs\\node_modules\\npm\\bin\\npm-cli.js" "run" "dev"
19 error node v7.2.0
20 error npm  v3.10.9
21 error code ELIFECYCLE
22 error react-project@1.0.0 dev: `SET NODE_ENV=development && npm run start`
22 error Exit status 3221225786
23 error Failed at the react-project@1.0.0 dev script 'SET NODE_ENV=development && npm run start'.
23 error Make sure you have the latest version of node.js and npm installed.
23 error If you do, this is most likely a problem with the react-project package,
23 error not with npm itself.
23 error Tell the author that this fails on your system:
23 error     SET NODE_ENV=development && npm run start
23 error You can get information on how to open an issue for this project with:
23 error     npm bugs react-project
23 error Or if that isn't available, you can get their info via:
23 error     npm owner ls react-project
23 error There is likely additional logging output above.
24 verbose exit [ 1, true ]
